17:07:13.048 [main] INFO  testCases.TC004_GymCategory - --//Top 5 car wash services displyed//--
17:07:19.808 [main] INFO  testCases.TC004_GymCategory - --//Review given//--
17:08:03.115 [main] INFO  testCases.TC004_GymCategory - --//Shared and Reported//--
17:08:09.401 [main] INFO  testCases.TC004_GymCategory - --//Free Listing Done//--
17:08:22.792 [main] INFO  testCases.TC004_GymCategory - --//Gym Sub Categories taken//--
17:11:52.441 [main] INFO  testCases.TC004_GymCategory - --//Country chosen//--
17:12:03.291 [main] INFO  testCases.TC004_GymCategory - --//City chosen//--
17:12:33.499 [main] INFO  testCases.TC004_GymCategory - --//Top 5 car wash services displyed//--
17:12:40.180 [main] INFO  testCases.TC004_GymCategory - --//Review given//--
17:13:27.610 [main] INFO  testCases.TC004_GymCategory - --//Free Listing Done//--
21:30:58.199 [main] INFO  testCases.TC004_GymCategory - --//Country chosen//--
21:31:12.452 [main] INFO  testCases.TC004_GymCategory - --//City chosen//--
21:31:57.272 [main] INFO  testCases.TC004_GymCategory - --//Free Listing Done//--
21:32:21.675 [main] INFO  testCases.TC004_GymCategory - --//Gym Sub Categories taken//--
21:33:25.942 [main] INFO  testCases.TC004_GymCategory - --//Country chosen//--
21:33:37.390 [main] INFO  testCases.TC004_GymCategory - --//City chosen//--
21:34:08.466 [main] INFO  testCases.TC004_GymCategory - --//Top 5 car wash services displyed//--
21:34:16.193 [main] INFO  testCases.TC004_GymCategory - --//Review given//--
21:35:09.727 [main] INFO  testCases.TC004_GymCategory - --//Shared and Reported//--
21:35:15.368 [main] INFO  testCases.TC004_GymCategory - --//Free Listing Done//--
21:35:30.666 [main] INFO  testCases.TC004_GymCategory - --//Gym Sub Categories taken//--
19:22:35.125 [main] INFO  testCases.TC004_GymCategory - --//Country chosen//--
19:23:27.632 [main] INFO  testCases.TC004_GymCategory - --//Free Listing Done//--
19:33:21.151 [main] INFO  testCases.TC004_GymCategory - --//Country chosen//--
19:33:42.263 [main] INFO  testCases.TC004_GymCategory - --//City chosen//--
19:34:21.157 [main] INFO  testCases.TC004_GymCategory - --//Free Listing Done//--
19:34:44.634 [main] INFO  testCases.TC004_GymCategory - --//Gym Sub Categories taken//--
11:37:30.629 [main] INFO  testCases.TC004_GymCategory - --//Country chosen//--
11:37:41.779 [main] INFO  testCases.TC004_GymCategory - --//City chosen//--
11:38:29.941 [main] INFO  testCases.TC004_GymCategory - --//Top 5 car wash services displyed//--
